2026-02-06T15:01:04Z|.stdout_success||complete||Skipped outlier correction for 1 files
2026-02-06T15:04:35Z|ConfigReader.MissingProjectConfigEntryError||error||SIMBA MISSING PROJECT CONFIG ENTRY ERROR: SimBA could not find an entry for option id_list under section Multi animal IDs in the project_config.ini. Please specify the settings in the settings menu.
2026-02-06T15:06:04Z|.FileExistError||error||SIMBA FILE EXIST ERROR: SIMBA IMPORT ERROR: trim_cropped_LE611_NOP1h_3.csv already exist in project in the directory C:\Users\leelab\Desktop\DLC_project\DeepLabCut_Project\projects\Project 1\simba\csv\input_csv. Remove file from project or rename imported video file name before importing.
2026-02-06T15:07:58Z|.FileExistError||error||SIMBA FILE EXIST ERROR: SIMBA IMPORT ERROR: trim_cropped_LE611_NOP1h_3.csv already exist in project in the directory C:\Users\leelab\Desktop\DLC_project\DeepLabCut_Project\projects\Project 1\simba\csv\input_csv. Remove file from project or rename imported video file name before importing.
2026-02-06T15:10:18Z|.FileExistError||error||SIMBA FILE EXIST ERROR: SIMBA IMPORT ERROR: trim_cropped_LE611_NOP1h_3.csv already exist in project in the directory C:\Users\leelab\Desktop\DLC_project\DeepLabCut_Project\projects\Project 1\simba\csv\input_csv. Remove file from project or rename imported video file name before importing.
2026-02-06T15:11:00Z|.FileExistError||error||SIMBA FILE EXIST ERROR: SIMBA IMPORT ERROR: trim_cropped_LE611_NOP1h_3.csv already exist in project in the directory C:\Users\leelab\Desktop\DLC_project\DeepLabCut_Project\projects\Project 1\simba\csv\input_csv. Remove file from project or rename imported video file name before importing.
2026-02-06T15:11:15Z|.stdout_success||complete||Skipped outlier correction for 1 files
2026-02-06T15:14:02Z|.stdout_success||complete||Skipped outlier correction for 1 files
2026-02-06T15:14:02Z|read_video_info_csv.NoFilesFoundError||error||SIMBA NO FILES FOUND ERROR: Could not find the video_info.csv table in your SimBA project. Create it using the [Video parameters] tab. SimBA expects the file at location C:\Users\leelab\Desktop\DLC_project\DeepLabCut_Project\projects\Project 1\simba\logs\video_info.csv. See SimBA documentation for more info: https://t.ly/OtY79
2026-02-06T15:14:39Z|.stdout_success||complete||Skipped outlier correction for 1 files
2026-02-06T15:14:39Z|read_video_info_csv.NoFilesFoundError||error||SIMBA NO FILES FOUND ERROR: Could not find the video_info.csv table in your SimBA project. Create it using the [Video parameters] tab. SimBA expects the file at location C:\Users\leelab\Desktop\DLC_project\DeepLabCut_Project\projects\Project 1\simba\logs\video_info.csv. See SimBA documentation for more info: https://t.ly/OtY79
2026-02-06T15:18:49Z|.stdout_success||complete||Skipped outlier correction for 1 files
2026-02-06T15:18:49Z|read_video_info.ParametersFileError||error||SIMBA VIDEO PARAMETERS FILE ERROR: SimBA could not find trim_cropped_LE611_NOP1h_3 in the video_info.csv file. Make sure all videos analyzed are represented in the C:\Users\leelab\Desktop\DLC_project\DeepLabCut_Project\projects\Project 1\simba\logs\video_info.csv file.
2026-02-06T15:21:16Z|.FileExistError||error||SIMBA FILE EXIST ERROR: SIMBA IMPORT ERROR: trim_cropped_LE611_NOP1h_3.csv already exist in project in the directory C:\Users\leelab\Desktop\DLC_project\DeepLabCut_Project\projects\Project 1\simba\csv\input_csv. Remove file from project or rename imported video file name before importing.
2026-02-06T15:21:47Z|.stdout_success||complete||Skipped outlier correction for 1 files
2026-02-06T15:22:16Z|read_video_info.ParametersFileError||error||SIMBA VIDEO PARAMETERS FILE ERROR: SimBA could not find trim_cropped_LE611_NOP1h_3 in the video_info.csv file. Make sure all videos analyzed are represented in the C:\Users\leelab\Desktop\DLC_project\DeepLabCut_Project\projects\Project 1\simba\logs\video_info.csv file.
2026-02-06T15:24:11Z|.stdout_success||complete||Skipped outlier correction for 1 files
2026-02-06T15:24:11Z|read_video_info.ParametersFileError||error||SIMBA VIDEO PARAMETERS FILE ERROR: SimBA could not find trim_cropped_LE611_NOP1h_3 in the video_info.csv file. Make sure all videos analyzed are represented in the C:\Users\leelab\Desktop\DLC_project\DeepLabCut_Project\projects\Project 1\simba\logs\video_info.csv file.
2026-02-06T15:27:03Z|.stdout_success||complete||Skipped outlier correction for 1 files
2026-02-06T15:27:03Z|read_video_info.ParametersFileError||error||SIMBA VIDEO PARAMETERS FILE ERROR: SimBA could not find trim_cropped_LE611_NOP1h_3 in the video_info.csv file. Make sure all videos analyzed are represented in the C:\Users\leelab\Desktop\DLC_project\DeepLabCut_Project\projects\Project 1\simba\logs\video_info.csv file.
