2026-02-06T15:28:17Z|.stdout_success||complete||Skipped outlier correction for 1 files
2026-02-06T15:28:17Z|read_video_info.ParametersFileError||error||SIMBA VIDEO PARAMETERS FILE ERROR: SimBA could not find trim_cropped_LE611_NOP1h_3 in the video_info.csv file. Make sure all videos analyzed are represented in the C:\Users\leelab\Desktop\DLC_project\DeepLabCut_Project\projects\Project 1\simba\project_folder\logs\video_info.csv file.
2026-02-06T15:28:43Z|.stdout_success||complete||Skipped outlier correction for 1 files
2026-02-06T15:28:43Z|read_video_info.ParametersFileError||error||SIMBA VIDEO PARAMETERS FILE ERROR: SimBA could not find trim_cropped_LE611_NOP1h_3 in the video_info.csv file. Make sure all videos analyzed are represented in the C:\Users\leelab\Desktop\DLC_project\DeepLabCut_Project\projects\Project 1\simba\project_folder\logs\video_info.csv file.
2026-02-06T15:29:35Z|.stdout_success||complete||Skipped outlier correction for 1 files
2026-02-06T15:29:36Z|.stdout_success||complete||Feature extraction complete for 1 video(s). Results are saved inside the C:\Users\leelab\Desktop\DLC_project\DeepLabCut_Project\projects\Project 1\simba\project_folder\csv\features_extracted directory
2026-02-06T15:29:36Z|InferenceBatch||CLASS_INIT||verbose: True, minimum_bout_length: None, save_dir: None, features_dir: None, config_path: C:\Users\leelab\Desktop\DLC_project\DeepLabCut_Project\projects\Project 1\assets\simba_project_config.ini
2026-02-06T15:29:36Z|get_model_info.NoDataError||error||SIMBA NO DATA ERROR: There are no models with accurate data specified in the RUN MODELS menu. Specify the model information to SimBA RUN MODELS menu to use them to analyze videos. PLease check the model paths, thresholds, and minimum bout lengths.
2026-02-06T15:37:18Z|.stdout_success||complete||Skipped outlier correction for 1 files
2026-02-06T15:37:18Z|.stdout_success||complete||Feature extraction complete for 1 video(s). Results are saved inside the C:\Users\leelab\Desktop\DLC_project\DeepLabCut_Project\projects\Project 1\simba\project_folder\csv\features_extracted directory
2026-02-06T15:37:18Z|InferenceBatch||CLASS_INIT||verbose: True, minimum_bout_length: None, save_dir: None, features_dir: None, config_path: C:\Users\leelab\Desktop\DLC_project\DeepLabCut_Project\projects\Project 1\assets\simba_project_config.ini
2026-02-06T15:37:18Z|InferenceBatch.MissingUserInputWarning||warning||Skipping Run classifier analysis: The classifier file path does not exist: C:\Users\leelab\Desktop\DLC_project\DeepLabCut_Project\projects\Project 1\simba\models\Run.sav
2026-02-06T15:37:18Z|InferenceBatch.MissingUserInputWarning||warning||Skipping Move classifier analysis: The classifier file path does not exist: C:\Users\leelab\Desktop\DLC_project\DeepLabCut_Project\projects\Project 1\simba\models\Move.sav
2026-02-06T15:37:18Z|InferenceBatch.MissingUserInputWarning||warning||Skipping Rear classifier analysis: The classifier file path does not exist: C:\Users\leelab\Desktop\DLC_project\DeepLabCut_Project\projects\Project 1\simba\models\Rear.sav
2026-02-06T15:37:18Z|InferenceBatch.MissingUserInputWarning||warning||Skipping Groom classifier analysis: The classifier file path does not exist: C:\Users\leelab\Desktop\DLC_project\DeepLabCut_Project\projects\Project 1\simba\models\Groom.sav
2026-02-06T15:37:18Z|InferenceBatch.MissingUserInputWarning||warning||Skipping Rest classifier analysis: The classifier file path does not exist: C:\Users\leelab\Desktop\DLC_project\DeepLabCut_Project\projects\Project 1\simba\models\Rest.sav
2026-02-06T15:37:18Z|InferenceBatch.MissingUserInputWarning||warning||Skipping Turn classifier analysis: The classifier file path does not exist: C:\Users\leelab\Desktop\DLC_project\DeepLabCut_Project\projects\Project 1\simba\models\Turn.sav
2026-02-06T15:37:18Z|get_model_info.NoDataError||error||SIMBA NO DATA ERROR: There are no models with accurate data specified in the RUN MODELS menu. Specify the model information to SimBA RUN MODELS menu to use them to analyze videos. PLease check the model paths, thresholds, and minimum bout lengths.
2026-02-06T16:34:31Z|.FileExistError||error||SIMBA FILE EXIST ERROR: SIMBA IMPORT ERROR: trim_cropped_LE611_NOP1h_3.csv already exist in project in the directory C:\Users\leelab\Desktop\DLC_project\DeepLabCut_Project\projects\Project 1\simba\project_folder\csv\input_csv. Remove file from project or rename imported video file name before importing.
2026-02-06T16:35:02Z|.stdout_success||complete||Skipped outlier correction for 1 files
2026-02-06T16:35:32Z|.stdout_success||complete||Feature extraction complete for 1 video(s). Results are saved inside the C:\Users\leelab\Desktop\DLC_project\DeepLabCut_Project\projects\Project 1\simba\project_folder\csv\features_extracted directory
2026-02-06T16:35:32Z|InferenceBatch||CLASS_INIT||verbose: True, minimum_bout_length: None, save_dir: None, features_dir: None, config_path: C:\Users\leelab\Desktop\DLC_project\DeepLabCut_Project\projects\Project 1\assets\simba_project_config.ini
2026-02-06T16:35:32Z|InferenceBatch.MissingUserInputWarning||warning||Skipping Run classifier analysis: The classifier file path does not exist: C:\Users\leelab\Desktop\DLC_project\DeepLabCut_Project\projects\Project 1\simba\models\Run.sav
2026-02-06T16:35:32Z|InferenceBatch.MissingUserInputWarning||warning||Skipping Move classifier analysis: The classifier file path does not exist: C:\Users\leelab\Desktop\DLC_project\DeepLabCut_Project\projects\Project 1\simba\models\Move.sav
2026-02-06T16:35:32Z|InferenceBatch.MissingUserInputWarning||warning||Skipping Rear classifier analysis: The classifier file path does not exist: C:\Users\leelab\Desktop\DLC_project\DeepLabCut_Project\projects\Project 1\simba\models\Rear.sav
2026-02-06T16:35:32Z|InferenceBatch.MissingUserInputWarning||warning||Skipping Groom classifier analysis: The classifier file path does not exist: C:\Users\leelab\Desktop\DLC_project\DeepLabCut_Project\projects\Project 1\simba\models\Groom.sav
2026-02-06T16:35:32Z|InferenceBatch.MissingUserInputWarning||warning||Skipping Rest classifier analysis: The classifier file path does not exist: C:\Users\leelab\Desktop\DLC_project\DeepLabCut_Project\projects\Project 1\simba\models\Rest.sav
2026-02-06T16:35:32Z|InferenceBatch.MissingUserInputWarning||warning||Skipping Turn classifier analysis: The classifier file path does not exist: C:\Users\leelab\Desktop\DLC_project\DeepLabCut_Project\projects\Project 1\simba\models\Turn.sav
2026-02-06T16:35:32Z|get_model_info.NoDataError||error||SIMBA NO DATA ERROR: There are no models with accurate data specified in the RUN MODELS menu. Specify the model information to SimBA RUN MODELS menu to use them to analyze videos. PLease check the model paths, thresholds, and minimum bout lengths.
2026-02-06T16:45:52Z|.stdout_success||complete||Skipped outlier correction for 1 files
2026-02-06T16:45:53Z|.stdout_success||complete||Feature extraction complete for 1 video(s). Results are saved inside the C:\Users\leelab\Desktop\DLC_project\DeepLabCut_Project\projects\Project 1\simba\project_folder\csv\features_extracted directory
2026-02-06T16:45:53Z|InferenceBatch||CLASS_INIT||verbose: True, minimum_bout_length: None, save_dir: None, features_dir: None, config_path: C:\Users\leelab\Desktop\DLC_project\DeepLabCut_Project\projects\Project 1\assets\simba_project_config.ini
2026-02-06T16:45:53Z|InferenceBatch.MissingUserInputWarning||warning||Skipping sniffing_up classifier analysis: The classifier file path does not exist: C:\Users\leelab\Desktop\DLC_project\DeepLabCut_Project\projects\Project 1\simba\models\sniffing_up.sav
2026-02-06T16:45:53Z|InferenceBatch.MissingUserInputWarning||warning||Skipping sniffing_down classifier analysis: The classifier file path does not exist: C:\Users\leelab\Desktop\DLC_project\DeepLabCut_Project\projects\Project 1\simba\models\sniffing_down.sav
2026-02-06T16:45:53Z|InferenceBatch.MissingUserInputWarning||warning||Skipping grooming classifier analysis: The classifier file path does not exist: C:\Users\leelab\Desktop\DLC_project\DeepLabCut_Project\projects\Project 1\simba\models\grooming.sav
2026-02-06T16:45:53Z|InferenceBatch.MissingUserInputWarning||warning||Skipping rearing classifier analysis: The classifier file path does not exist: C:\Users\leelab\Desktop\DLC_project\DeepLabCut_Project\projects\Project 1\simba\models\rearing.sav
2026-02-06T16:45:53Z|InferenceBatch.MissingUserInputWarning||warning||Skipping turning classifier analysis: The classifier file path does not exist: C:\Users\leelab\Desktop\DLC_project\DeepLabCut_Project\projects\Project 1\simba\models\turning.sav
2026-02-06T16:45:53Z|InferenceBatch.MissingUserInputWarning||warning||Skipping moving classifier analysis: The classifier file path does not exist: C:\Users\leelab\Desktop\DLC_project\DeepLabCut_Project\projects\Project 1\simba\models\moving.sav
2026-02-06T16:45:53Z|InferenceBatch.MissingUserInputWarning||warning||Skipping rest classifier analysis: The classifier file path does not exist: C:\Users\leelab\Desktop\DLC_project\DeepLabCut_Project\projects\Project 1\simba\models\rest.sav
2026-02-06T16:45:53Z|InferenceBatch.MissingUserInputWarning||warning||Skipping running classifier analysis: The classifier file path does not exist: C:\Users\leelab\Desktop\DLC_project\DeepLabCut_Project\projects\Project 1\simba\models\running.sav
2026-02-06T16:45:53Z|InferenceBatch.MissingUserInputWarning||warning||Skipping top classifier analysis: The classifier file path does not exist: C:\Users\leelab\Desktop\DLC_project\DeepLabCut_Project\projects\Project 1\simba\models\top.sav
2026-02-06T16:45:53Z|get_model_info.NoDataError||error||SIMBA NO DATA ERROR: There are no models with accurate data specified in the RUN MODELS menu. Specify the model information to SimBA RUN MODELS menu to use them to analyze videos. PLease check the model paths, thresholds, and minimum bout lengths.
2026-02-06T16:50:45Z|read_config_entry.MissingProjectConfigEntryError||error||SIMBA MISSING PROJECT CONFIG ENTRY ERROR: SimBA could not find an entry for option train_test_size under section create ensemble settings in the project_config.ini. Please specify the settings in the settings menu and make sure the path to your project config is correct
2026-02-06T16:51:08Z|read_config_entry.MissingProjectConfigEntryError||error||SIMBA MISSING PROJECT CONFIG ENTRY ERROR: SimBA could not find an entry for option train_test_size under section create ensemble settings in the project_config.ini. Please specify the settings in the settings menu and make sure the path to your project config is correct
2026-02-06T16:52:42Z|read_config_entry.InvalidInputError||error||SIMBA VALUE ERROR: train_test_split_type is set to frames in SimBA, but this is not among the valid options: (['FRAMES', 'BOUTS'])
2026-02-06T16:53:30Z|read_config_entry.InvalidInputError||error||SIMBA VALUE ERROR: train_test_split_type is set to frames in SimBA, but this is not among the valid options: (['FRAMES', 'BOUTS'])
2026-02-06T16:53:55Z|read_config_entry.InvalidInputError||error||SIMBA VALUE ERROR: train_test_split_type is set to frames in SimBA, but this is not among the valid options: (['FRAMES', 'BOUTS'])
2026-02-06T16:54:25Z|read_config_entry.MissingProjectConfigEntryError||error||SIMBA MISSING PROJECT CONFIG ENTRY ERROR: SimBA could not find an entry for option under_sample_setting under section create ensemble settings in the project_config.ini. Please specify the settings in the settings menu and make sure the path to your project config is correct
2026-02-06T16:55:11Z|.MultiProcessingFailedWarning||warning||Multi-processing file read failed, reverting to single core (increased run-time on large datasets). Exception: ('A process in the process pool was terminated abruptly while the future was running or pending.',)
2026-02-06T16:55:15Z|TrainRandomForestClassifier.stdout_success||complete||Classifier sniffing_up saved in C:\Users\leelab\Desktop\DLC_project\DeepLabCut_Project\projects\Project 1\simba\models\generated_models directory
2026-02-06T16:55:15Z|TrainRandomForestClassifier.stdout_success||complete||Evaluation files are in C:\Users\leelab\Desktop\DLC_project\DeepLabCut_Project\projects\Project 1\simba\models\generated_models\model_evaluations folders
2026-02-06T16:55:24Z|.MultiProcessingFailedWarning||warning||Multi-processing file read failed, reverting to single core (increased run-time on large datasets). Exception: ('A process in the process pool was terminated abruptly while the future was running or pending.',)
2026-02-06T16:55:28Z|TrainRandomForestClassifier.stdout_success||complete||Classifier sniffing_down saved in C:\Users\leelab\Desktop\DLC_project\DeepLabCut_Project\projects\Project 1\simba\models\generated_models directory
2026-02-06T16:55:28Z|TrainRandomForestClassifier.stdout_success||complete||Evaluation files are in C:\Users\leelab\Desktop\DLC_project\DeepLabCut_Project\projects\Project 1\simba\models\generated_models\model_evaluations folders
2026-02-06T16:55:38Z|.MultiProcessingFailedWarning||warning||Multi-processing file read failed, reverting to single core (increased run-time on large datasets). Exception: ('A process in the process pool was terminated abruptly while the future was running or pending.',)
2026-02-06T16:55:41Z|TrainRandomForestClassifier.stdout_success||complete||Classifier grooming saved in C:\Users\leelab\Desktop\DLC_project\DeepLabCut_Project\projects\Project 1\simba\models\generated_models directory
2026-02-06T16:55:41Z|TrainRandomForestClassifier.stdout_success||complete||Evaluation files are in C:\Users\leelab\Desktop\DLC_project\DeepLabCut_Project\projects\Project 1\simba\models\generated_models\model_evaluations folders
2026-02-06T16:55:50Z|.MultiProcessingFailedWarning||warning||Multi-processing file read failed, reverting to single core (increased run-time on large datasets). Exception: ('A process in the process pool was terminated abruptly while the future was running or pending.',)
2026-02-06T16:55:54Z|TrainRandomForestClassifier.stdout_success||complete||Classifier rearing saved in C:\Users\leelab\Desktop\DLC_project\DeepLabCut_Project\projects\Project 1\simba\models\generated_models directory
2026-02-06T16:55:54Z|TrainRandomForestClassifier.stdout_success||complete||Evaluation files are in C:\Users\leelab\Desktop\DLC_project\DeepLabCut_Project\projects\Project 1\simba\models\generated_models\model_evaluations folders
2026-02-06T16:56:03Z|.MultiProcessingFailedWarning||warning||Multi-processing file read failed, reverting to single core (increased run-time on large datasets). Exception: ('A process in the process pool was terminated abruptly while the future was running or pending.',)
2026-02-06T16:56:06Z|TrainRandomForestClassifier.stdout_success||complete||Classifier turning saved in C:\Users\leelab\Desktop\DLC_project\DeepLabCut_Project\projects\Project 1\simba\models\generated_models directory
2026-02-06T16:56:06Z|TrainRandomForestClassifier.stdout_success||complete||Evaluation files are in C:\Users\leelab\Desktop\DLC_project\DeepLabCut_Project\projects\Project 1\simba\models\generated_models\model_evaluations folders
2026-02-06T16:56:16Z|.MultiProcessingFailedWarning||warning||Multi-processing file read failed, reverting to single core (increased run-time on large datasets). Exception: ('A process in the process pool was terminated abruptly while the future was running or pending.',)
2026-02-06T16:56:20Z|TrainRandomForestClassifier.stdout_success||complete||Classifier moving saved in C:\Users\leelab\Desktop\DLC_project\DeepLabCut_Project\projects\Project 1\simba\models\generated_models directory
2026-02-06T16:56:20Z|TrainRandomForestClassifier.stdout_success||complete||Evaluation files are in C:\Users\leelab\Desktop\DLC_project\DeepLabCut_Project\projects\Project 1\simba\models\generated_models\model_evaluations folders
2026-02-06T16:56:29Z|.MultiProcessingFailedWarning||warning||Multi-processing file read failed, reverting to single core (increased run-time on large datasets). Exception: ('A process in the process pool was terminated abruptly while the future was running or pending.',)
2026-02-06T16:56:32Z|TrainRandomForestClassifier.stdout_success||complete||Classifier rest saved in C:\Users\leelab\Desktop\DLC_project\DeepLabCut_Project\projects\Project 1\simba\models\generated_models directory
2026-02-06T16:56:32Z|TrainRandomForestClassifier.stdout_success||complete||Evaluation files are in C:\Users\leelab\Desktop\DLC_project\DeepLabCut_Project\projects\Project 1\simba\models\generated_models\model_evaluations folders
2026-02-06T16:56:42Z|.MultiProcessingFailedWarning||warning||Multi-processing file read failed, reverting to single core (increased run-time on large datasets). Exception: ('A process in the process pool was terminated abruptly while the future was running or pending.',)
2026-02-06T16:56:45Z|TrainRandomForestClassifier.stdout_success||complete||Classifier running saved in C:\Users\leelab\Desktop\DLC_project\DeepLabCut_Project\projects\Project 1\simba\models\generated_models directory
2026-02-06T16:56:45Z|TrainRandomForestClassifier.stdout_success||complete||Evaluation files are in C:\Users\leelab\Desktop\DLC_project\DeepLabCut_Project\projects\Project 1\simba\models\generated_models\model_evaluations folders
2026-02-06T16:56:55Z|.MultiProcessingFailedWarning||warning||Multi-processing file read failed, reverting to single core (increased run-time on large datasets). Exception: ('A process in the process pool was terminated abruptly while the future was running or pending.',)
2026-02-06T16:56:58Z|TrainRandomForestClassifier.stdout_success||complete||Classifier top saved in C:\Users\leelab\Desktop\DLC_project\DeepLabCut_Project\projects\Project 1\simba\models\generated_models directory
2026-02-06T16:56:58Z|TrainRandomForestClassifier.stdout_success||complete||Evaluation files are in C:\Users\leelab\Desktop\DLC_project\DeepLabCut_Project\projects\Project 1\simba\models\generated_models\model_evaluations folders
2026-02-06T16:57:07Z|.MultiProcessingFailedWarning||warning||Multi-processing file read failed, reverting to single core (increased run-time on large datasets). Exception: ('A process in the process pool was terminated abruptly while the future was running or pending.',)
2026-02-06T16:57:11Z|TrainRandomForestClassifier.stdout_success||complete||Classifier other saved in C:\Users\leelab\Desktop\DLC_project\DeepLabCut_Project\projects\Project 1\simba\models\generated_models directory
2026-02-06T16:57:11Z|TrainRandomForestClassifier.stdout_success||complete||Evaluation files are in C:\Users\leelab\Desktop\DLC_project\DeepLabCut_Project\projects\Project 1\simba\models\generated_models\model_evaluations folders
2026-02-06T16:58:38Z|.stdout_success||complete||Skipped outlier correction for 1 files
2026-02-06T16:58:38Z|.stdout_success||complete||Feature extraction complete for 1 video(s). Results are saved inside the C:\Users\leelab\Desktop\DLC_project\DeepLabCut_Project\projects\Project 1\simba\project_folder\csv\features_extracted directory
2026-02-06T16:58:38Z|InferenceBatch||CLASS_INIT||verbose: True, minimum_bout_length: None, save_dir: None, features_dir: None, config_path: C:\Users\leelab\Desktop\DLC_project\DeepLabCut_Project\projects\Project 1\assets\simba_project_config.ini
2026-02-06T16:58:47Z|write_df.PermissionError||error||SIMBA PERMISSION ERROR: Could not save file at C:\Users\leelab\Desktop\DLC_project\DeepLabCut_Project\projects\Project 1\simba\project_folder\csv\machine_results\trim_cropped_LE611_NOP1h_3.csv. Is the file being used by a different process?
2026-02-06T16:59:51Z|.stdout_success||complete||Skipped outlier correction for 1 files
2026-02-06T16:59:52Z|.stdout_success||complete||Feature extraction complete for 1 video(s). Results are saved inside the C:\Users\leelab\Desktop\DLC_project\DeepLabCut_Project\projects\Project 1\simba\project_folder\csv\features_extracted directory
2026-02-06T16:59:52Z|InferenceBatch||CLASS_INIT||verbose: True, minimum_bout_length: None, save_dir: None, features_dir: None, config_path: C:\Users\leelab\Desktop\DLC_project\DeepLabCut_Project\projects\Project 1\assets\simba_project_config.ini
2026-02-06T17:00:01Z|InferenceBatch.stdout_success||complete||Machine predictions complete for 1 file(s). Files saved in C:\Users\leelab\Desktop\DLC_project\DeepLabCut_Project\projects\Project 1\simba\project_folder\csv\machine_results directory
2026-02-06T17:55:07Z|.FileExistError||error||SIMBA FILE EXIST ERROR: SIMBA IMPORT ERROR: trim_cropped_LE611_NOP1h_3.csv already exist in project in the directory C:\Users\leelab\Desktop\DLC_project\DeepLabCut_Project\projects\Project 1\simba\project_folder\csv\input_csv. Remove file from project or rename imported video file name before importing.
2026-02-06T17:56:41Z|.stdout_success||complete||Skipped outlier correction for 1 files
2026-02-06T17:57:12Z|.stdout_success||complete||Feature extraction complete for 1 video(s). Results are saved inside the C:\Users\leelab\Desktop\DLC_project\DeepLabCut_Project\projects\Project 1\simba\project_folder\csv\features_extracted directory
2026-02-06T17:57:12Z|InferenceBatch||CLASS_INIT||verbose: True, minimum_bout_length: None, save_dir: None, features_dir: None, config_path: C:\Users\leelab\Desktop\DLC_project\DeepLabCut_Project\projects\Project 1\assets\simba_project_config.ini
2026-02-06T17:57:21Z|InferenceBatch.stdout_success||complete||Machine predictions complete for 1 file(s). Files saved in C:\Users\leelab\Desktop\DLC_project\DeepLabCut_Project\projects\Project 1\simba\project_folder\csv\machine_results directory
2026-02-09T10:37:18Z|.FileExistError||error||SIMBA FILE EXIST ERROR: SIMBA IMPORT ERROR: trim_cropped_LE611_NOP1h_3.csv already exist in project in the directory C:\Users\leelab\Desktop\DLC_project\DeepLabCut_Project\projects\Project 1\simba\project_folder\csv\input_csv. Remove file from project or rename imported video file name before importing.
2026-02-09T10:37:45Z|.stdout_success||complete||Skipped outlier correction for 1 files
2026-02-09T10:38:33Z|.stdout_success||complete||Feature extraction complete for 1 video(s). Results are saved inside the C:\Users\leelab\Desktop\DLC_project\DeepLabCut_Project\projects\Project 1\simba\project_folder\csv\features_extracted directory
2026-02-09T10:38:34Z|InferenceBatch||CLASS_INIT||config_path: C:\Users\leelab\Desktop\DLC_project\DeepLabCut_Project\projects\Project 1\assets\simba_project_config.ini, features_dir: None, save_dir: None, minimum_bout_length: None, verbose: True
2026-02-09T10:38:34Z|InferenceBatch.CorruptedFileError||error||SIMBA READ FILE ERROR: Cannot read C:\Users\leelab\Desktop\DLC_project\DeepLabCut_Project\projects\Project 1\simba\models\sniffing_up.sav. The file is created in a different SimBA environment with a different scikit-learn version and/or different python version than the current scikit-learn version (1.4.2) and the current python version (3.10).
2026-02-09T12:23:54Z|.FileExistError||error||SIMBA FILE EXIST ERROR: SIMBA IMPORT ERROR: trim_cropped_LE611_NOP1h_3.csv already exist in project in the directory C:\Users\leelab\Desktop\DLC_project\DeepLabCut_Project\projects\Project 1\simba\project_folder\csv\input_csv. Remove file from project or rename imported video file name before importing.
2026-02-09T12:32:42Z|.FileExistError||error||SIMBA FILE EXIST ERROR: SIMBA IMPORT ERROR: cropped_enhanced_LE629_NOP1h_4_Trim.csv already exist in project in the directory C:\Users\leelab\Desktop\DLC_project\DeepLabCut_Project\projects\Project 1\simba\project_folder\csv\input_csv. Remove file from project or rename imported video file name before importing.
2026-02-09T12:33:29Z|.FileExistError||error||SIMBA FILE EXIST ERROR: SIMBA IMPORT ERROR: trim_cropped_LE611_NOP1h_3.csv already exist in project in the directory C:\Users\leelab\Desktop\DLC_project\DeepLabCut_Project\projects\Project 1\simba\project_folder\csv\input_csv. Remove file from project or rename imported video file name before importing.
2026-02-09T12:35:41Z|.FileExistError||error||SIMBA FILE EXIST ERROR: SIMBA IMPORT ERROR: cropped_enhanced_LE629_NOP1h_4_Trim.csv already exist in project in the directory C:\Users\leelab\Desktop\DLC_project\DeepLabCut_Project\projects\Project 1\simba\project_folder\csv\input_csv. Remove file from project or rename imported video file name before importing.
2026-02-09T12:38:18Z|.stdout_success||complete||Skipped outlier correction for 2 files
2026-02-09T12:39:00Z|.stdout_success||complete||Feature extraction complete for 2 video(s). Results are saved inside the C:\Users\leelab\Desktop\DLC_project\DeepLabCut_Project\projects\Project 1\simba\project_folder\csv\features_extracted directory
2026-02-09T12:39:00Z|InferenceBatch||CLASS_INIT||config_path: C:\Users\leelab\Desktop\DLC_project\DeepLabCut_Project\projects\Project 1\assets\simba_project_config.ini, features_dir: None, save_dir: None, minimum_bout_length: None, verbose: True
2026-02-09T12:39:00Z|InferenceBatch.CorruptedFileError||error||SIMBA READ FILE ERROR: Cannot read C:\Users\leelab\Desktop\DLC_project\DeepLabCut_Project\projects\Project 1\simba\models\sniffing_up.sav. The file is created in a different SimBA environment with a different scikit-learn version and/or different python version than the current scikit-learn version (1.4.2) and the current python version (3.10).
2026-02-09T13:01:43Z|.stdout_success||complete||Skipped outlier correction for 2 files
2026-02-09T13:02:26Z|.stdout_success||complete||Feature extraction complete for 2 video(s). Results are saved inside the C:\Users\leelab\Desktop\DLC_project\DeepLabCut_Project\projects\Project 1\simba\project_folder\csv\features_extracted directory
2026-02-09T13:02:27Z|InferenceBatch||CLASS_INIT||config_path: C:\Users\leelab\Desktop\DLC_project\DeepLabCut_Project\projects\Project 1\assets\simba_project_config.ini, features_dir: None, save_dir: None, minimum_bout_length: None, verbose: True
2026-02-09T13:02:27Z|InferenceBatch.CorruptedFileError||error||SIMBA READ FILE ERROR: Cannot read C:\Users\leelab\Desktop\DLC_project\DeepLabCut_Project\projects\Project 1\simba\models\sniffing_up.sav. The file is created in a different SimBA environment with a different scikit-learn version and/or different python version than the current scikit-learn version (1.4.2) and the current python version (3.10).
2026-02-09T13:14:39Z|.stdout_success||complete||Skipped outlier correction for 2 files
2026-02-09T13:15:23Z|.stdout_success||complete||Feature extraction complete for 2 video(s). Results are saved inside the C:\Users\leelab\Desktop\DLC_project\DeepLabCut_Project\projects\Project 1\simba\project_folder\csv\features_extracted directory
2026-02-09T13:15:23Z|InferenceBatch||CLASS_INIT||config_path: C:\Users\leelab\Desktop\DLC_project\DeepLabCut_Project\projects\Project 1\assets\simba_project_config.ini, features_dir: None, save_dir: None, minimum_bout_length: None, verbose: True
2026-02-09T13:15:23Z|InferenceBatch.MissingUserInputWarning||warning||Skipping sniffing_up classifier analysis: The classifier file path does not exist: C:\Users\leelab\Desktop\DLC_project\DeepLabCut_Project\projects\Project 1\simba\models\sniffing_up.sav
2026-02-09T13:15:23Z|InferenceBatch.MissingUserInputWarning||warning||Skipping sniffing_down classifier analysis: The classifier file path does not exist: C:\Users\leelab\Desktop\DLC_project\DeepLabCut_Project\projects\Project 1\simba\models\sniffing_down.sav
2026-02-09T13:15:23Z|InferenceBatch.MissingUserInputWarning||warning||Skipping grooming classifier analysis: The classifier file path does not exist: C:\Users\leelab\Desktop\DLC_project\DeepLabCut_Project\projects\Project 1\simba\models\grooming.sav
2026-02-09T13:15:23Z|InferenceBatch.MissingUserInputWarning||warning||Skipping rearing classifier analysis: The classifier file path does not exist: C:\Users\leelab\Desktop\DLC_project\DeepLabCut_Project\projects\Project 1\simba\models\rearing.sav
2026-02-09T13:15:23Z|InferenceBatch.MissingUserInputWarning||warning||Skipping turning classifier analysis: The classifier file path does not exist: C:\Users\leelab\Desktop\DLC_project\DeepLabCut_Project\projects\Project 1\simba\models\turning.sav
2026-02-09T13:15:23Z|InferenceBatch.MissingUserInputWarning||warning||Skipping moving classifier analysis: The classifier file path does not exist: C:\Users\leelab\Desktop\DLC_project\DeepLabCut_Project\projects\Project 1\simba\models\moving.sav
2026-02-09T13:15:23Z|InferenceBatch.MissingUserInputWarning||warning||Skipping rest classifier analysis: The classifier file path does not exist: C:\Users\leelab\Desktop\DLC_project\DeepLabCut_Project\projects\Project 1\simba\models\rest.sav
2026-02-09T13:15:23Z|InferenceBatch.MissingUserInputWarning||warning||Skipping running classifier analysis: The classifier file path does not exist: C:\Users\leelab\Desktop\DLC_project\DeepLabCut_Project\projects\Project 1\simba\models\running.sav
2026-02-09T13:15:23Z|InferenceBatch.MissingUserInputWarning||warning||Skipping top classifier analysis: The classifier file path does not exist: C:\Users\leelab\Desktop\DLC_project\DeepLabCut_Project\projects\Project 1\simba\models\top.sav
2026-02-09T13:15:23Z|InferenceBatch.MissingUserInputWarning||warning||Skipping other classifier analysis: The classifier file path does not exist: C:\Users\leelab\Desktop\DLC_project\DeepLabCut_Project\projects\Project 1\simba\models\other.sav
2026-02-09T13:15:23Z|get_model_info.NoDataError||error||SIMBA NO DATA ERROR: There are no models with accurate data specified in the RUN MODELS menu. Specify the model information to SimBA RUN MODELS menu to use them to analyze videos. PLease check the model paths, thresholds, and minimum bout lengths.
2026-02-09T13:20:14Z|.stdout_success||complete||Skipped outlier correction for 2 files
2026-02-09T13:20:58Z|.stdout_success||complete||Feature extraction complete for 2 video(s). Results are saved inside the C:\Users\leelab\Desktop\DLC_project\DeepLabCut_Project\projects\Project 1\simba\project_folder\csv\features_extracted directory
2026-02-09T13:20:58Z|InferenceBatch||CLASS_INIT||config_path: C:\Users\leelab\Desktop\DLC_project\DeepLabCut_Project\projects\Project 1\assets\simba_project_config.ini, features_dir: None, save_dir: None, minimum_bout_length: None, verbose: True
2026-02-09T13:20:58Z|InferenceBatch.FeatureNumberMismatchError||error||SIMBA FEATURE NUMBER MISMATCH ERROR: Mismatch in the number of features in input file C:\Users\leelab\Desktop\DLC_project\DeepLabCut_Project\projects\Project 1\simba\project_folder\csv\features_extracted\cropped_enhanced_LE629_NOP1h_4_Trim.csv, and what is expected by the model sniffing_up. The model expects 30 features. The data contains 29 features.
2026-02-09T13:25:54Z|.stdout_success||complete||Skipped outlier correction for 2 files
2026-02-09T13:26:38Z|.stdout_success||complete||Feature extraction complete for 2 video(s). Results are saved inside the C:\Users\leelab\Desktop\DLC_project\DeepLabCut_Project\projects\Project 1\simba\project_folder\csv\features_extracted directory
2026-02-09T13:26:38Z|InferenceBatch||CLASS_INIT||config_path: C:\Users\leelab\Desktop\DLC_project\DeepLabCut_Project\projects\Project 1\assets\simba_project_config.ini, features_dir: None, save_dir: None, minimum_bout_length: None, verbose: True
2026-02-09T13:26:38Z|InferenceBatch.FeatureNumberMismatchError||error||SIMBA FEATURE NUMBER MISMATCH ERROR: Mismatch in the number of features in input file C:\Users\leelab\Desktop\DLC_project\DeepLabCut_Project\projects\Project 1\simba\project_folder\csv\features_extracted\cropped_enhanced_LE629_NOP1h_4_Trim.csv, and what is expected by the model sniffing_up. The model expects 30 features. The data contains 29 features.
2026-02-09T13:31:56Z|.FileExistError||error||SIMBA FILE EXIST ERROR: SIMBA IMPORT ERROR: trim_cropped_LE611_NOP1h_3.csv already exist in project in the directory C:\Users\leelab\Desktop\DLC_project\DeepLabCut_Project\projects\Project 1\simba\project_folder\csv\input_csv. Remove file from project or rename imported video file name before importing.
2026-02-09T13:34:19Z|.FileExistError||error||SIMBA FILE EXIST ERROR: SIMBA IMPORT ERROR: trim_cropped_LE611_NOP1h_3.csv already exist in project in the directory C:\Users\leelab\Desktop\DLC_project\DeepLabCut_Project\projects\Project 1\simba\project_folder\csv\input_csv. Remove file from project or rename imported video file name before importing.
2026-02-09T13:51:35Z|.stdout_success||complete||Skipped outlier correction for 2 files
2026-02-09T13:51:35Z|.stdout_success||complete||Skipped outlier correction for 2 files
2026-02-09T13:51:50Z|.stdout_success||complete||Skipped outlier correction for 2 files
2026-02-09T13:52:22Z|.stdout_success||complete||Feature extraction complete for 2 video(s). Results are saved inside the C:\Users\leelab\Desktop\DLC_project\DeepLabCut_Project\projects\Project 1\simba\project_folder\csv\features_extracted directory
2026-02-09T13:52:22Z|.stdout_success||complete||Feature extraction complete for 2 video(s). Results are saved inside the C:\Users\leelab\Desktop\DLC_project\DeepLabCut_Project\projects\Project 1\simba\project_folder\csv\features_extracted directory
2026-02-09T13:52:22Z|.stdout_success||complete||Feature extraction complete for 2 video(s). Results are saved inside the C:\Users\leelab\Desktop\DLC_project\DeepLabCut_Project\projects\Project 1\simba\project_folder\csv\features_extracted directory
2026-02-09T13:52:22Z|InferenceBatch||CLASS_INIT||config_path: C:\Users\leelab\Desktop\DLC_project\DeepLabCut_Project\projects\Project 1\assets\simba_project_config.ini, features_dir: None, save_dir: None, minimum_bout_length: None, verbose: True
2026-02-09T13:52:22Z|InferenceBatch.MissingUserInputWarning||warning||Skipping sniffing_up classifier analysis: The classifier file path does not exist: C:\Users\leelab\Desktop\DLC_project\DeepLabCut_Project\projects\Project 1\simba\models\generated_models\sniffing_up.sav
2026-02-09T13:52:22Z|InferenceBatch.MissingUserInputWarning||warning||Skipping sniffing_down classifier analysis: The classifier file path does not exist: C:\Users\leelab\Desktop\DLC_project\DeepLabCut_Project\projects\Project 1\simba\models\generated_models\sniffing_down.sav
2026-02-09T13:52:22Z|InferenceBatch.MissingUserInputWarning||warning||Skipping grooming classifier analysis: The classifier file path does not exist: C:\Users\leelab\Desktop\DLC_project\DeepLabCut_Project\projects\Project 1\simba\models\generated_models\grooming.sav
2026-02-09T13:52:22Z|InferenceBatch.MissingUserInputWarning||warning||Skipping rearing classifier analysis: The classifier file path does not exist: C:\Users\leelab\Desktop\DLC_project\DeepLabCut_Project\projects\Project 1\simba\models\generated_models\rearing.sav
2026-02-09T13:52:22Z|InferenceBatch.MissingUserInputWarning||warning||Skipping turning classifier analysis: The classifier file path does not exist: C:\Users\leelab\Desktop\DLC_project\DeepLabCut_Project\projects\Project 1\simba\models\generated_models\turning.sav
2026-02-09T13:52:22Z|InferenceBatch.MissingUserInputWarning||warning||Skipping moving classifier analysis: The classifier file path does not exist: C:\Users\leelab\Desktop\DLC_project\DeepLabCut_Project\projects\Project 1\simba\models\generated_models\moving.sav
2026-02-09T13:52:22Z|InferenceBatch.MissingUserInputWarning||warning||Skipping rest classifier analysis: The classifier file path does not exist: C:\Users\leelab\Desktop\DLC_project\DeepLabCut_Project\projects\Project 1\simba\models\generated_models\rest.sav
2026-02-09T13:52:22Z|InferenceBatch.MissingUserInputWarning||warning||Skipping running classifier analysis: The classifier file path does not exist: C:\Users\leelab\Desktop\DLC_project\DeepLabCut_Project\projects\Project 1\simba\models\generated_models\running.sav
2026-02-09T13:52:22Z|InferenceBatch.MissingUserInputWarning||warning||Skipping top classifier analysis: The classifier file path does not exist: C:\Users\leelab\Desktop\DLC_project\DeepLabCut_Project\projects\Project 1\simba\models\generated_models\top.sav
2026-02-09T13:52:22Z|InferenceBatch.MissingUserInputWarning||warning||Skipping other classifier analysis: The classifier file path does not exist: C:\Users\leelab\Desktop\DLC_project\DeepLabCut_Project\projects\Project 1\simba\models\generated_models\other.sav
2026-02-09T13:52:22Z|get_model_info.NoDataError||error||SIMBA NO DATA ERROR: There are no models with accurate data specified in the RUN MODELS menu. Specify the model information to SimBA RUN MODELS menu to use them to analyze videos. PLease check the model paths, thresholds, and minimum bout lengths.
2026-02-09T13:52:22Z|InferenceBatch||CLASS_INIT||config_path: C:\Users\leelab\Desktop\DLC_project\DeepLabCut_Project\projects\Project 1\assets\simba_project_config.ini, features_dir: None, save_dir: None, minimum_bout_length: None, verbose: True
2026-02-09T13:52:22Z|InferenceBatch||CLASS_INIT||config_path: C:\Users\leelab\Desktop\DLC_project\DeepLabCut_Project\projects\Project 1\assets\simba_project_config.ini, features_dir: None, save_dir: None, minimum_bout_length: None, verbose: True
2026-02-09T13:52:22Z|InferenceBatch.MissingUserInputWarning||warning||Skipping sniffing_up classifier analysis: The classifier file path does not exist: C:\Users\leelab\Desktop\DLC_project\DeepLabCut_Project\projects\Project 1\simba\models\generated_models\sniffing_up.sav
2026-02-09T13:52:22Z|InferenceBatch.MissingUserInputWarning||warning||Skipping sniffing_up classifier analysis: The classifier file path does not exist: C:\Users\leelab\Desktop\DLC_project\DeepLabCut_Project\projects\Project 1\simba\models\generated_models\sniffing_up.sav
2026-02-09T13:52:22Z|InferenceBatch.MissingUserInputWarning||warning||Skipping sniffing_down classifier analysis: The classifier file path does not exist: C:\Users\leelab\Desktop\DLC_project\DeepLabCut_Project\projects\Project 1\simba\models\generated_models\sniffing_down.sav
2026-02-09T13:52:22Z|InferenceBatch.MissingUserInputWarning||warning||Skipping sniffing_down classifier analysis: The classifier file path does not exist: C:\Users\leelab\Desktop\DLC_project\DeepLabCut_Project\projects\Project 1\simba\models\generated_models\sniffing_down.sav
2026-02-09T13:52:22Z|InferenceBatch.MissingUserInputWarning||warning||Skipping grooming classifier analysis: The classifier file path does not exist: C:\Users\leelab\Desktop\DLC_project\DeepLabCut_Project\projects\Project 1\simba\models\generated_models\grooming.sav
2026-02-09T13:52:22Z|InferenceBatch.MissingUserInputWarning||warning||Skipping grooming classifier analysis: The classifier file path does not exist: C:\Users\leelab\Desktop\DLC_project\DeepLabCut_Project\projects\Project 1\simba\models\generated_models\grooming.sav
2026-02-09T13:52:22Z|InferenceBatch.MissingUserInputWarning||warning||Skipping rearing classifier analysis: The classifier file path does not exist: C:\Users\leelab\Desktop\DLC_project\DeepLabCut_Project\projects\Project 1\simba\models\generated_models\rearing.sav
2026-02-09T13:52:22Z|InferenceBatch.MissingUserInputWarning||warning||Skipping rearing classifier analysis: The classifier file path does not exist: C:\Users\leelab\Desktop\DLC_project\DeepLabCut_Project\projects\Project 1\simba\models\generated_models\rearing.sav
2026-02-09T13:52:22Z|InferenceBatch.MissingUserInputWarning||warning||Skipping turning classifier analysis: The classifier file path does not exist: C:\Users\leelab\Desktop\DLC_project\DeepLabCut_Project\projects\Project 1\simba\models\generated_models\turning.sav
2026-02-09T13:52:22Z|InferenceBatch.MissingUserInputWarning||warning||Skipping turning classifier analysis: The classifier file path does not exist: C:\Users\leelab\Desktop\DLC_project\DeepLabCut_Project\projects\Project 1\simba\models\generated_models\turning.sav
2026-02-09T13:52:22Z|InferenceBatch.MissingUserInputWarning||warning||Skipping moving classifier analysis: The classifier file path does not exist: C:\Users\leelab\Desktop\DLC_project\DeepLabCut_Project\projects\Project 1\simba\models\generated_models\moving.sav
2026-02-09T13:52:22Z|InferenceBatch.MissingUserInputWarning||warning||Skipping moving classifier analysis: The classifier file path does not exist: C:\Users\leelab\Desktop\DLC_project\DeepLabCut_Project\projects\Project 1\simba\models\generated_models\moving.sav
2026-02-09T13:52:22Z|InferenceBatch.MissingUserInputWarning||warning||Skipping rest classifier analysis: The classifier file path does not exist: C:\Users\leelab\Desktop\DLC_project\DeepLabCut_Project\projects\Project 1\simba\models\generated_models\rest.sav
2026-02-09T13:52:22Z|InferenceBatch.MissingUserInputWarning||warning||Skipping rest classifier analysis: The classifier file path does not exist: C:\Users\leelab\Desktop\DLC_project\DeepLabCut_Project\projects\Project 1\simba\models\generated_models\rest.sav
2026-02-09T13:52:22Z|InferenceBatch.MissingUserInputWarning||warning||Skipping running classifier analysis: The classifier file path does not exist: C:\Users\leelab\Desktop\DLC_project\DeepLabCut_Project\projects\Project 1\simba\models\generated_models\running.sav
2026-02-09T13:52:22Z|InferenceBatch.MissingUserInputWarning||warning||Skipping running classifier analysis: The classifier file path does not exist: C:\Users\leelab\Desktop\DLC_project\DeepLabCut_Project\projects\Project 1\simba\models\generated_models\running.sav
2026-02-09T13:52:22Z|InferenceBatch.MissingUserInputWarning||warning||Skipping top classifier analysis: The classifier file path does not exist: C:\Users\leelab\Desktop\DLC_project\DeepLabCut_Project\projects\Project 1\simba\models\generated_models\top.sav
2026-02-09T13:52:22Z|InferenceBatch.MissingUserInputWarning||warning||Skipping top classifier analysis: The classifier file path does not exist: C:\Users\leelab\Desktop\DLC_project\DeepLabCut_Project\projects\Project 1\simba\models\generated_models\top.sav
2026-02-09T13:52:22Z|InferenceBatch.MissingUserInputWarning||warning||Skipping other classifier analysis: The classifier file path does not exist: C:\Users\leelab\Desktop\DLC_project\DeepLabCut_Project\projects\Project 1\simba\models\generated_models\other.sav
2026-02-09T13:52:22Z|InferenceBatch.MissingUserInputWarning||warning||Skipping other classifier analysis: The classifier file path does not exist: C:\Users\leelab\Desktop\DLC_project\DeepLabCut_Project\projects\Project 1\simba\models\generated_models\other.sav
2026-02-09T13:52:22Z|get_model_info.NoDataError||error||SIMBA NO DATA ERROR: There are no models with accurate data specified in the RUN MODELS menu. Specify the model information to SimBA RUN MODELS menu to use them to analyze videos. PLease check the model paths, thresholds, and minimum bout lengths.
2026-02-09T13:52:22Z|get_model_info.NoDataError||error||SIMBA NO DATA ERROR: There are no models with accurate data specified in the RUN MODELS menu. Specify the model information to SimBA RUN MODELS menu to use them to analyze videos. PLease check the model paths, thresholds, and minimum bout lengths.
2026-02-09T13:54:48Z|.stdout_success||complete||Skipped outlier correction for 2 files
2026-02-09T13:54:48Z|.stdout_success||complete||Feature extraction complete for 2 video(s). Results are saved inside the C:\Users\leelab\Desktop\DLC_project\DeepLabCut_Project\projects\Project 1\simba\project_folder\csv\features_extracted directory
2026-02-09T13:54:49Z|InferenceBatch||CLASS_INIT||config_path: C:\Users\leelab\Desktop\DLC_project\DeepLabCut_Project\projects\Project 1\assets\simba_project_config.ini, features_dir: None, save_dir: None, minimum_bout_length: None, verbose: True
2026-02-09T13:55:02Z|InferenceBatch.stdout_success||complete||Machine predictions complete for 2 file(s). Files saved in C:\Users\leelab\Desktop\DLC_project\DeepLabCut_Project\projects\Project 1\simba\project_folder\csv\machine_results directory
